FileSelector/app/build/intermediates/manifest_merge_blame_file/debug/manifest-merger-blame-debug-report.txt
1<?xml version="1.0" encoding="utf-8"?>
2<manifest xmlns:android="http://schemas.android.com/apk/res/android"
3    package="com.wzp.fileselector"
4    android:versionCode="1"
5    android:versionName="1.0" >
6
7    <uses-sdk
7-->src\main\AndroidManifest.xml:6:5-47
8        android:minSdkVersion="8"
8-->src\main\AndroidManifest.xml:6:5-47
9        android:targetSdkVersion="19" />
9-->src\main\AndroidManifest.xml:6:15-44
10
11    <!-- SD卡读写权限 -->
12    <uses-permission android:name="android.permission.WRITE_EXTERNAL_STORAGE" />
12-->src\main\AndroidManifest.xml:9:5-80
12-->src\main\AndroidManifest.xml:9:22-78
13    <uses-permission android:name="android.permission.MOUNT_UNMOUNT_FILESYSTEMS" />
13-->src\main\AndroidManifest.xml:10:5-83
13-->src\main\AndroidManifest.xml:10:22-81
14
15    <application
15-->src\main\AndroidManifest.xml:12:5-39:19
16        android:allowBackup="true"
16-->src\main\AndroidManifest.xml:13:9-35
17        android:debuggable="true"
18        android:icon="@drawable/ic_launcher"
18-->src\main\AndroidManifest.xml:14:9-45
19        android:label="@string/app_name"
19-->src\main\AndroidManifest.xml:15:9-41
20        android:testOnly="true"
21        android:theme="@style/AppTheme" >
21-->src\main\AndroidManifest.xml:16:9-40
22        <activity android:name="com.wzp.fileselector.activity.MainActivity" >
22-->src\main\AndroidManifest.xml:18:9-25:20
22-->src\main\AndroidManifest.xml:19:13-70
23            <intent-filter>
23-->src\main\AndroidManifest.xml:20:13-24:29
24                <action android:name="android.intent.action.MAIN" />
24-->src\main\AndroidManifest.xml:21:17-69
24-->src\main\AndroidManifest.xml:21:25-66
25
26                <category android:name="android.intent.category.LAUNCHER" />
26-->src\main\AndroidManifest.xml:23:17-77
26-->src\main\AndroidManifest.xml:23:27-74
27            </intent-filter>
28        </activity>
29        <activity android:name="com.wzp.fileselector.activity.FileHomeActivity" >
29-->src\main\AndroidManifest.xml:27:9-29:20
29-->src\main\AndroidManifest.xml:28:13-74
30        </activity>
31        <activity android:name="com.wzp.fileselector.activity.FileMyActivity" >
31-->src\main\AndroidManifest.xml:31:9-33:20
31-->src\main\AndroidManifest.xml:32:13-72
32        </activity>
33        <activity android:name="com.wzp.fileselector.activity.FileFolderActivity" >
33-->src\main\AndroidManifest.xml:35:9-37:20
33-->src\main\AndroidManifest.xml:36:13-76
34        </activity>
35    </application>
36
37</manifest>